build/intermediates/manifest_merge_blame_file/release/manifest-merger-blame-release-report.txt
1<?xml version="1.0" encoding="utf-8"?>
2<!-- BEGIN_INCLUDE(manifest) -->
3<manifest xmlns:android="http://schemas.android.com/apk/res/android"
4    package="com.jetbrains.konan_activity2"
5    android:versionCode="1"
6    android:versionName="1.0" >
7
8    <uses-sdk
9        android:minSdkVersion="9"
9-->src/x86Main/AndroidManifest.xml
10        android:targetSdkVersion="28" />
10-->src/x86Main/AndroidManifest.xml
11
12    <uses-permission android:name="android.permission.VIBRATE" />
12-->src/x86Main/AndroidManifest.xml:8:3-64
12-->src/x86Main/AndroidManifest.xml:8:20-61
13
14    <uses-feature
14-->src/x86Main/AndroidManifest.xml:9:3-76
15        android:glEsVersion="0x00020000"
15-->src/x86Main/AndroidManifest.xml:9:17-49
16        android:required="true" />
16-->src/x86Main/AndroidManifest.xml:9:50-73
17
18    <!-- This .apk has no Java code itself, so set hasCode to false. -->
19    <application
19-->src/x86Main/AndroidManifest.xml:12:3-34:17
20        android:allowBackup="false"
20-->src/x86Main/AndroidManifest.xml:13:7-34
21        android:fullBackupContent="false"
21-->src/x86Main/AndroidManifest.xml:14:7-40
22        android:hasCode="false"
22-->src/x86Main/AndroidManifest.xml:17:7-30
23        android:icon="@mipmap/konan_activity"
23-->src/x86Main/AndroidManifest.xml:15:7-44
24        android:label="@string/app_name" >
24-->src/x86Main/AndroidManifest.xml:16:7-39
25
26        <!--
27         Our activity is the built-in NativeActivity framework class.
28         This will take care of integrating with our NDK code.
29        -->
30        <activity
30-->src/x86Main/AndroidManifest.xml:21:5-33:16
31            android:name="android.app.NativeActivity"
31-->src/x86Main/AndroidManifest.xml:21:15-56
32            android:configChanges="orientation|keyboardHidden"
32-->src/x86Main/AndroidManifest.xml:23:15-65
33            android:label="@string/app_name" >
33-->src/x86Main/AndroidManifest.xml:22:15-47
34
35            <!-- Tell NativeActivity the name of our .so -->
36            <meta-data
36-->src/x86Main/AndroidManifest.xml:25:7-26:41
37                android:name="android.app.lib_name"
37-->src/x86Main/AndroidManifest.xml:25:18-53
38                android:value="poly" />
38-->src/x86Main/AndroidManifest.xml:26:18-38
39            <meta-data
39-->src/x86Main/AndroidManifest.xml:27:7-28:47
40                android:name="android.app.func_name"
40-->src/x86Main/AndroidManifest.xml:27:18-54
41                android:value="Konan_main" />
41-->src/x86Main/AndroidManifest.xml:28:18-44
42
43            <intent-filter>
43-->src/x86Main/AndroidManifest.xml:29:7-32:23
44                <action android:name="android.intent.action.MAIN" />
44-->src/x86Main/AndroidManifest.xml:30:9-61
44-->src/x86Main/AndroidManifest.xml:30:17-58
45
46                <category android:name="android.intent.category.LAUNCHER" />
46-->src/x86Main/AndroidManifest.xml:31:9-69
46-->src/x86Main/AndroidManifest.xml:31:19-66
47            </intent-filter>
48        </activity>
49    </application>
50
51</manifest> <!-- END_INCLUDE(manifest) -->